EXECUTE: INSERT INTO DDSCINFO.EMAIL (TEAM, EMAILADDR) VALUES (?, ?) with params: Team_5906,team_5906@example.com
INSERT: INSERT INTO DDSCINFO.EMAIL (TEAM, EMAILADDR) VALUES (?, ?) VALUES: Team_5906,team_5906@example.com
QUERY EXECUTED: SELECT * FROM DDSCINFO.EMAIL with params: 
QUERY: SELECT * FROM DDSCINFO.EMAIL
QUERY EXECUTED: SELECT * FROM DDSCINFO.EMAIL with params: 
QUERY: SELECT * FROM DDSCINFO.EMAIL
EXECUTE: UPDATE DDSCINFO.EMAIL SET TEAM = ?, EMAILADDR = ? WHERE TEAM = ? with params: Updated_Team_1460,updated_team_5421@example.com,Team_5906
UPDATE: UPDATE DDSCINFO.EMAIL SET TEAM = ?, EMAILADDR = ? WHERE TEAM = ? VALUES: [object Object]
QUERY EXECUTED: SELECT * FROM DDSCINFO.EMAIL with params: 
QUERY: SELECT * FROM DDSCINFO.EMAIL
EXECUTE: DELETE FROM DDSCINFO.EMAIL WHERE TEAM = ? with params: Updated_Team_1460
DELETE: DELETE FROM DDSCINFO.EMAIL WHERE TEAM = ? WHERE TEAM = Updated_Team_1460
2025-01-15T06:51:54.894Z [PID: 15056] EXECUTE: INSERT INTO DDSCINFO.EMAIL (TEAM, EMAILADDR) VALUES (?, ?) with params: Team_3715,team_3715@example.com
2025-01-15T06:51:54.907Z [PID: 15056] INSERT: INSERT INTO DDSCINFO.EMAIL (TEAM, EMAILADDR) VALUES (?, ?) VALUES: Team_3715,team_3715@example.com
2025-01-15T06:51:54.967Z [PID: 15056] QUERY EXECUTED: SELECT * FROM DDSCINFO.EMAIL with params: 
2025-01-15T06:51:54.968Z [PID: 15056] QUERY: SELECT * FROM DDSCINFO.EMAIL
2025-01-15T06:51:55.025Z [PID: 15056] QUERY EXECUTED: SELECT * FROM DDSCINFO.EMAIL with params: 
2025-01-15T06:51:55.026Z [PID: 15056] QUERY: SELECT * FROM DDSCINFO.EMAIL
2025-01-15T06:51:55.112Z [PID: 15056] EXECUTE: UPDATE DDSCINFO.EMAIL SET TEAM = ?, EMAILADDR = ? WHERE TEAM = ? with params: Updated_Team_2567,updated_team_7567@example.com,Team_3715
2025-01-15T06:51:55.113Z [PID: 15056] UPDATE: UPDATE DDSCINFO.EMAIL SET TEAM = ?, EMAILADDR = ? WHERE TEAM = ? VALUES: [object Object]
2025-01-15T06:51:55.178Z [PID: 15056] QUERY EXECUTED: SELECT * FROM DDSCINFO.EMAIL with params: 
2025-01-15T06:51:55.180Z [PID: 15056] QUERY: SELECT * FROM DDSCINFO.EMAIL
2025-01-15T06:51:55.284Z [PID: 15056] EXECUTE: DELETE FROM DDSCINFO.EMAIL WHERE TEAM = ? with params: Updated_Team_2567
2025-01-15T06:51:55.285Z [PID: 15056] DELETE: DELETE FROM DDSCINFO.EMAIL WHERE TEAM = ? WHERE TEAM = Updated_Team_2567
2025-01-15T06:53:20.739Z [PID: 2456] EXECUTE: INSERT INTO DDSCINFO.EMAIL (TEAM, EMAILADDR) VALUES (?, ?) with params: Team_9173,team_9173@example.com
2025-01-15T06:53:20.740Z [PID: 2456] INSERT: INSERT INTO DDSCINFO.EMAIL (TEAM, EMAILADDR) VALUES (?, ?) VALUES: Team_9173,team_9173@example.com
2025-01-15T06:53:20.812Z [PID: 2456] QUERY EXECUTED: SELECT * FROM DDSCINFO.EMAIL with params: 
2025-01-15T06:53:20.812Z [PID: 2456] QUERY: SELECT * FROM DDSCINFO.EMAIL
2025-01-15T06:53:20.896Z [PID: 2456] QUERY EXECUTED: SELECT * FROM DDSCINFO.EMAIL with params: 
2025-01-15T06:53:20.898Z [PID: 2456] QUERY: SELECT * FROM DDSCINFO.EMAIL
2025-01-15T06:53:20.991Z [PID: 2456] EXECUTE: UPDATE DDSCINFO.EMAIL SET TEAM = ?, EMAILADDR = ? WHERE TEAM = ? with params: Updated_Team_8619,updated_team_4915@example.com,Team_9173
2025-01-15T06:53:20.991Z [PID: 2456] UPDATE: UPDATE DDSCINFO.EMAIL SET TEAM = ?, EMAILADDR = ? WHERE TEAM = ? VALUES: [object Object]
2025-01-15T06:53:21.052Z [PID: 2456] QUERY EXECUTED: SELECT * FROM DDSCINFO.EMAIL with params: 
2025-01-15T06:53:21.053Z [PID: 2456] QUERY: SELECT * FROM DDSCINFO.EMAIL
2025-01-15T06:53:21.127Z [PID: 2456] EXECUTE: DELETE FROM DDSCINFO.EMAIL WHERE TEAM = ? with params: Updated_Team_8619
2025-01-15T06:53:21.128Z [PID: 2456] DELETE: DELETE FROM DDSCINFO.EMAIL WHERE TEAM = ? WHERE TEAM = Updated_Team_8619
